<?xml version="1.0" encoding="UTF-8"?>
<!-- Generated by org.testng.reporters.JUnitReportReporter -->
<testsuite hostname="Arifuls-MBP.lan" failures="0" tests="2" name="testPages.HomePageTest" time="36.258" errors="0" timestamp="2022-12-24T19:51:55 EST" skipped="0">
  <testcase classname="testPages.HomePageTest" name="clickCartTest" time="15.162"/>
  <system-out/>
  <testcase classname="testPages.HomePageTest" name="clickSearchButtonTest" time="21.096"/>
  <system-out/>
</testsuite> <!-- testPages.HomePageTest -->
