<?xml version="1.0" encoding="UTF-8"?>
<!-- Generated by org.testng.reporters.JUnitReportReporter -->
<testsuite hostname="Arifuls-MBP.lan" failures="0" tests="3" name="testPages.HomePageTest" time="16.350" errors="0" timestamp="2022-12-30T02:23:50 EST" skipped="2">
  <testcase classname="testPages.HomePageTest" name="clickSignInTest" time="16.350"/>
  <system-out/>
  <testcase classname="testPages.HomePageTest" name="clickSearchButtonTest">
    <skipped/>
  </testcase> <!-- clickSearchButtonTest -->
  <system-out/>
  <testcase classname="testPages.HomePageTest" name="clickCartTest">
    <skipped/>
  </testcase> <!-- clickCartTest -->
  <system-out/>
</testsuite> <!-- testPages.HomePageTest -->
